<?xml version="1.0" encoding="UTF-8"?>
<!-- Generated by org.testng.reporters.JUnitReportReporter -->
<testsuite hostname="CHERML00000314" failures="0" tests="10" name="test.AuthenticationTest" time="10.319" errors="0" timestamp="2024-09-26T20:11:49 IST" skipped="0">
  <testcase classname="test.AuthenticationTest" name="testLoginPage" time="4.105"/>
  <testcase classname="test.AuthenticationTest" name="testSuccessfulLogin" time="2.207"/>
  <testcase classname="test.AuthenticationTest" name="testAddItemToCart" time="0.452"/>
  <testcase classname="test.AuthenticationTest" name="testAddItemToCart" time="0.360"/>
  <testcase classname="test.AuthenticationTest" name="testAddItemToCart" time="0.463"/>
  <testcase classname="test.AuthenticationTest" name="testAddItemToCart" time="0.379"/>
  <testcase classname="test.AuthenticationTest" name="testAddItemToCart" time="0.526"/>
  <testcase classname="test.AuthenticationTest" name="testAddItemToCart" time="0.594"/>
  <testcase classname="test.AuthenticationTest" name="testCartList" time="0.389"/>
  <testcase classname="test.AuthenticationTest" name="testLogout" time="0.844"/>
</testsuite> <!-- test.AuthenticationTest -->
