<?xml version="1.0" encoding="UTF-8"?>
<!-- Generated by org.testng.reporters.JUnitReportReporter -->
<testsuite hostname="CHERML00000314" failures="0" tests="10" name="test.AuthenticationTest" time="10.333" errors="0" timestamp="2024-09-26T21:30:09 IST" skipped="0">
  <testcase classname="test.AuthenticationTest" name="testLoginPage" time="4.733"/>
  <testcase classname="test.AuthenticationTest" name="testSuccessfulLogin" time="0.438"/>
  <testcase classname="test.AuthenticationTest" name="testAddItemToCart" time="0.320"/>
  <testcase classname="test.AuthenticationTest" name="testAddItemToCart" time="0.304"/>
  <testcase classname="test.AuthenticationTest" name="testAddItemToCart" time="1.837"/>
  <testcase classname="test.AuthenticationTest" name="testAddItemToCart" time="0.498"/>
  <testcase classname="test.AuthenticationTest" name="testAddItemToCart" time="0.523"/>
  <testcase classname="test.AuthenticationTest" name="testAddItemToCart" time="0.505"/>
  <testcase classname="test.AuthenticationTest" name="testCartList" time="0.345"/>
  <testcase classname="test.AuthenticationTest" name="testLogout" time="0.830"/>
</testsuite> <!-- test.AuthenticationTest -->
